[Fri, 20. Oct 2023 06:44:47 CEST | ID 1084161755321749644] is_that_harsh: whitelist add AluVorta
[Fri, 20. Oct 2023 06:50:10 CEST | ID 1084161755321749644] is_that_harsh: whitelist add vidous
[Fri, 20. Oct 2023 08:04:05 CEST | ID 1084161755321749644] is_that_harsh: whitelist add xanalpvppro
[Fri, 20. Oct 2023 08:08:58 CEST | ID 1084161755321749644] is_that_harsh: whitelist add 1q24
[Fri, 20. Oct 2023 08:37:08 CEST | ID 1084161755321749644] is_that_harsh: whitelist add FamousMC
[Fri, 20. Oct 2023 08:39:05 CEST | ID 1084161755321749644] is_that_harsh: whitelist remove 1q24
[Fri, 20. Oct 2023 08:39:42 CEST | ID 1084161755321749644] is_that_harsh: whitelist remove xanalpvppro
[Fri, 20. Oct 2023 09:31:53 CEST | ID 1104135454833524737] rishabuzumaki: whitelist add Parv_killer
[Fri, 20. Oct 2023 09:32:22 CEST | ID 1104135454833524737] rishabuzumaki: whitelist add MindGamer896
[Fri, 20. Oct 2023 09:33:43 CEST | ID 1104135454833524737] rishabuzumaki: whitelist add Prime_Kero7
[Fri, 20. Oct 2023 09:34:05 CEST | ID 1104135454833524737] rishabuzumaki: whitelist add FamousMC
[Fri, 20. Oct 2023 09:35:26 CEST | ID 1104135454833524737] rishabuzumaki: whitelist add MindGamer896
[Fri, 20. Oct 2023 09:38:04 CEST | ID 1104135454833524737] rishabuzumaki: whitelist list
[Fri, 20. Oct 2023 09:39:24 CEST | ID 1104135454833524737] rishabuzumaki: <@1089063197035732993>
[Fri, 20. Oct 2023 09:39:28 CEST | ID 1104135454833524737] rishabuzumaki: whitelist list
[Fri, 20. Oct 2023 10:08:18 CEST | ID 1104135454833524737] rishabuzumaki: whitelist add HWKSKULL00
[Fri, 20. Oct 2023 10:34:19 CEST | ID 1084161755321749644] is_that_harsh: whitelist add 1q24
[Fri, 20. Oct 2023 10:54:44 CEST | ID 1084161755321749644] is_that_harsh: whitelist add NotSakkai
[Fri, 20. Oct 2023 10:55:04 CEST | ID 1084161755321749644] is_that_harsh: whitelist add Toxic_Ladka
[Fri, 20. Oct 2023 10:58:05 CEST | ID 1104135454833524737] rishabuzumaki: whitelist add Vidous
[Fri, 20. Oct 2023 12:05:08 CEST | ID 1104135454833524737] rishabuzumaki: pl
[Fri, 20. Oct 2023 15:30:10 CEST | ID 1104135454833524737] rishabuzumaki: whitelist add HWKSKULL00
[Fri, 20. Oct 2023 15:30:26 CEST | ID 1104135454833524737] rishabuzumaki: whitelist add .HWKSKULL00
[Fri, 20. Oct 2023 15:31:43 CEST | ID 1104135454833524737] rishabuzumaki: pl
[Fri, 20. Oct 2023 15:32:20 CEST | ID 1104135454833524737] rishabuzumaki: pl
[Fri, 20. Oct 2023 17:06:51 CEST | ID 1104135454833524737] rishabuzumaki: whitelist add HWK SKULL 00
[Fri, 20. Oct 2023 17:29:24 CEST | ID 1104135454833524737] rishabuzumaki: PL
[Fri, 20. Oct 2023 18:07:38 CEST | ID 1104135454833524737] rishabuzumaki: advancement grant ItzRishabBoss everything
[Fri, 20. Oct 2023 18:13:29 CEST | ID 1104135454833524737] rishabuzumaki: advancement grant ItzRishabBoss everything
[Fri, 20. Oct 2023 18:16:24 CEST | ID 1104135454833524737] rishabuzumaki: ?purge 10
[Fri, 20. Oct 2023 18:16:28 CEST | ID 825617171589759006] Flantic: <:zztick:847318199363305503> | Successfully cleared 10 messages.
[Fri, 20. Oct 2023 18:17:53 CEST | ID 1104135454833524737] rishabuzumaki: whitelist add VEGETO_THE_GOAT
[Fri, 20. Oct 2023 18:26:36 CEST | ID 1104135454833524737] rishabuzumaki: whitelist add VEGETO_THE_GOAT
[Fri, 20. Oct 2023 19:14:03 CEST | ID 1084161755321749644] is_that_harsh: Whitelist add BlaZeD_op
[Fri, 20. Oct 2023 20:53:56 CEST | ID 1089063197035732993] weebtheog: Playerlist
[Fri, 20. Oct 2023 21:15:39 CEST | ID 1089063197035732993] weebtheog: /give Weeb_Not_Found Netherite Ingot 64
[Fri, 20. Oct 2023 21:16:09 CEST | ID 1089063197035732993] weebtheog: /gamemode Weeb_Not_Found Creative
[Fri, 20. Oct 2023 21:17:10 CEST | ID 1089063197035732993] weebtheog: /gamemode Creative Weeb_Not_Found
[Fri, 20. Oct 2023 21:17:17 CEST | ID 1089063197035732993] weebtheog: /help
[Fri, 20. Oct 2023 21:52:46 CEST | ID 1104135454833524737] rishabuzumaki: tps
[Fri, 20. Oct 2023 21:52:50 CEST | ID 1104135454833524737] rishabuzumaki: lr master
[Fri, 20. Oct 2023 21:52:54 CEST | ID 1104135454833524737] rishabuzumaki: pl
[Fri, 20. Oct 2023 21:53:57 CEST | ID 1104135454833524737] rishabuzumaki: Whitelist list
[Fri, 20. Oct 2023 21:55:48 CEST | ID 1104135454833524737] rishabuzumaki: Whitelist list
