[Thu, 19. Oct 2023 06:33:37 CEST | ID 1104135454833524737] rishabuzumaki: whitelist add toxic_ladka
[Thu, 19. Oct 2023 06:33:48 CEST | ID 1104135454833524737] rishabuzumaki: tps
[Thu, 19. Oct 2023 06:33:51 CEST | ID 1104135454833524737] rishabuzumaki: Pl
[Thu, 19. Oct 2023 09:56:03 CEST | ID 1104135454833524737] rishabuzumaki: ?snipe
[Thu, 19. Oct 2023 09:56:03 CEST | ID 825617171589759006] Flantic: <:zzexclam:803980883970359306> | Nothing to snipe in <#1164179800286564382>
[Thu, 19. Oct 2023 10:31:41 CEST | ID 1104135454833524737] rishabuzumaki: playerlist
[Thu, 19. Oct 2023 12:32:53 CEST | ID 1089063197035732993] weebtheog: set memberlimit 0
[Thu, 19. Oct 2023 12:33:01 CEST | ID 356065937318871041] Aki: 
[Thu, 19. Oct 2023 14:39:35 CEST | ID 1104135454833524737] rishabuzumaki: pl
[Thu, 19. Oct 2023 14:44:12 CEST | ID 1104135454833524737] rishabuzumaki: pl
[Thu, 19. Oct 2023 16:39:55 CEST | ID 1104135454833524737] rishabuzumaki: whitelist add NerdXD
[Thu, 19. Oct 2023 16:40:05 CEST | ID 1104135454833524737] rishabuzumaki: whitelist add NotShivay
[Thu, 19. Oct 2023 16:44:48 CEST | ID 1104135454833524737] rishabuzumaki: whitelist add DopeOP
[Thu, 19. Oct 2023 16:44:56 CEST | ID 1104135454833524737] rishabuzumaki: whitelist add RiverNotFound
[Thu, 19. Oct 2023 18:04:47 CEST | ID 1084161755321749644] is_that_harsh: whitelist add DevilxArceus69
[Thu, 19. Oct 2023 19:15:52 CEST | ID 1104135454833524737] rishabuzumaki: whitelist add Riyuu_Playz9116
[Thu, 19. Oct 2023 20:35:15 CEST | ID 1084161755321749644] is_that_harsh: whitelist add ItzEpic_
[Thu, 19. Oct 2023 21:30:36 CEST | ID 1084161755321749644] is_that_harsh: pl
[Thu, 19. Oct 2023 21:30:36 CEST | ID 825617171589759006] Flantic: **Welcome back** <@1084161755321749644>! | You were away for 37 minutes and 22 seconds!
[Thu, 19. Oct 2023 22:02:35 CEST | ID 1084161755321749644] is_that_harsh: whitelist add ItzCosy
