(2023-11-07 15:10:47) legendboyplayz was flagged for [VelocityA 1/12] [TPS: 20.00] [Ping: 0ms]
(2023-11-07 15:27:44) legendboyplayz was flagged for [VelocityA 1/12] [TPS: 20.00] [Ping: 651ms]
(2023-11-07 15:28:07) legendboyplayz was flagged for [VelocityA 1/12] [TPS: 20.00] [Ping: 2632ms]
(2023-11-07 15:28:09) legendboyplayz was flagged for [VelocityA 2/12] [TPS: 20.00] [Ping: 2632ms]
(2023-11-07 15:57:14) legendboyplayz was punished for [CriticalsA 1/1] [TPS: 20.00] [Ping: 512ms]
(2023-11-07 15:57:14) legendboyplayz was flagged for [CriticalsA 1/1] [TPS: 20.00] [Ping: 512ms]
(2023-11-07 16:11:00) legendboyplayz was flagged for [VelocityA 1/12] [TPS: 20.00] [Ping: 430ms]
(2023-11-07 16:39:27) LEGEND_10117 was flagged for [FlightB 1/50] [TPS: 20.00] [Ping: 218ms]
(2023-11-07 16:39:28) LEGEND_10117 was flagged for [FlightA 10/50] [TPS: 20.00] [Ping: 217ms]
(2023-11-07 16:39:29) LEGEND_10117 was flagged for [FlightA 29/50] [TPS: 20.00] [Ping: 217ms]
(2023-11-07 16:39:30) LEGEND_10117 was flagged for [FlightA 41/50] [TPS: 20.00] [Ping: 217ms]
(2023-11-07 16:39:31) LEGEND_10117 was flagged for [FlightA 48/50] [TPS: 20.00] [Ping: 217ms]
(2023-11-07 16:39:32) LEGEND_10117 was punished for [FlightA 50/50] [TPS: 20.00] [Ping: 217ms]
(2023-11-07 16:39:42) LEGEND_10117 was flagged for [FlightA 1/50] [TPS: 20.00] [Ping: 0ms]
(2023-11-07 16:39:43) LEGEND_10117 was flagged for [FlightA 22/50] [TPS: 20.00] [Ping: 0ms]
(2023-11-07 16:39:44) LEGEND_10117 was flagged for [FlightA 36/50] [TPS: 20.00] [Ping: 0ms]
(2023-11-07 17:01:28) Yash_gamer was flagged for [VelocityA 1/12] [TPS: 20.00] [Ping: 102ms]
(2023-11-07 17:01:29) Yash_gamer was flagged for [VelocityA 2/12] [TPS: 20.00] [Ping: 102ms]
(2023-11-07 17:24:12) Yash_gamer was flagged for [KillAuraD 1/3] [TPS: 20.00] [Ping: 141ms]
(2023-11-07 18:13:14) Yash_gamer was flagged for [FlightB 1/50] [TPS: 20.00] [Ping: 145ms]
(2023-11-07 18:26:24) Yash_gamer was flagged for [FlightB 1/50] [TPS: 20.00] [Ping: 151ms]
(2023-11-07 18:27:46) Yash_gamer was flagged for [FlightB 3/50] [TPS: 20.00] [Ping: 146ms]
(2023-11-07 18:27:50) Yash_gamer was flagged for [FlightB 6/50] [TPS: 20.00] [Ping: 145ms]
(2023-11-07 18:39:29) Yash_gamer was flagged for [FlightB 1/50] [TPS: 20.00] [Ping: 144ms]
(2023-11-07 18:39:30) Yash_gamer was flagged for [FlightB 4/50] [TPS: 20.00] [Ping: 144ms]
(2023-11-07 18:39:31) Yash_gamer was flagged for [FlightB 6/50] [TPS: 20.00] [Ping: 144ms]
(2023-11-07 18:47:29) Yash_gamer was flagged for [KillAuraD 1/3] [TPS: 20.00] [Ping: 145ms]
(2023-11-07 18:47:31) Yash_gamer was flagged for [KillAuraD 2/3] [TPS: 20.00] [Ping: 145ms]
(2023-11-07 18:47:32) Yash_gamer was flagged for [KillAuraD 3/3] [TPS: 20.00] [Ping: 145ms]
(2023-11-07 18:47:32) Yash_gamer was flagged for [KillAuraE 1/3] [TPS: 20.00] [Ping: 145ms]
(2023-11-07 18:47:32) Yash_gamer was punished for [KillAuraD 3/3] [TPS: 20.00] [Ping: 145ms]
