(2023-11-09 04:04:42) NoT_SH7VanG was flagged for [KillAuraD 1/3] [TPS: 20.00] [Ping: 187ms]
(2023-11-09 04:10:09) NoT_SH7VanG was flagged for [AirPlaceA 1/3] [TPS: 20.00] [Ping: 191ms]
(2023-11-09 04:10:32) NoT_SH7VanG was flagged for [AirPlaceA 2/3] [TPS: 20.00] [Ping: 190ms]
(2023-11-09 04:10:51) NoT_SH7VanG was punished for [AirPlaceA 3/3] [TPS: 20.00] [Ping: 190ms]
(2023-11-09 04:10:51) NoT_SH7VanG was flagged for [AirPlaceA 3/3] [TPS: 20.00] [Ping: 190ms]
(2023-11-09 04:11:42) NoT_SH7VanG was flagged for [AirPlaceA 1/3] [TPS: 20.00] [Ping: 109ms]
(2023-11-09 04:11:55) NoT_SH7VanG was flagged for [AirPlaceA 2/3] [TPS: 20.00] [Ping: 129ms]
(2023-11-09 04:11:55) NoT_SH7VanG was punished for [AirPlaceA 3/3] [TPS: 20.00] [Ping: 129ms]
(2023-11-09 04:14:24) NoT_SH7VanG was flagged for [FastPlaceA 1/3] [TPS: 20.00] [Ping: 171ms]
(2023-11-09 04:14:24) NoT_SH7VanG was punished for [FastPlaceA 3/3] [TPS: 20.00] [Ping: 171ms]
(2023-11-09 06:30:17) Neeraj_afk was flagged for [ReachB 1/5] [TPS: 20.00] [Ping: 161ms]
(2023-11-09 07:26:33) Neeraj_afk was flagged for [KillAuraD 1/3] [TPS: 20.00] [Ping: 168ms]
(2023-11-09 07:54:41) Veteran_GamerYT was flagged for [KillAuraB 1/7] [TPS: 20.00] [Ping: 266ms]
(2023-11-09 07:56:56) Neeraj_afk was flagged for [KillAuraD 1/3] [TPS: 20.00] [Ping: 195ms]
(2023-11-09 07:57:39) Veteran_GamerYT was flagged for [ReachB 1/5] [TPS: 20.00] [Ping: 181ms]
(2023-11-09 07:59:58) Veteran_GamerYT was flagged for [ReachB 1/5] [TPS: 20.00] [Ping: 155ms]
(2023-11-09 09:09:21) BLISS was flagged for [VelocityA 1/12] [TPS: 20.00] [Ping: 147ms]
(2023-11-09 09:09:23) BLISS was flagged for [VelocityA 2/12] [TPS: 20.00] [Ping: 147ms]
(2023-11-09 09:09:25) BLISS was flagged for [VelocityA 3/12] [TPS: 20.00] [Ping: 147ms]
(2023-11-09 09:10:53) BLISS was flagged for [VelocityA 1/12] [TPS: 20.00] [Ping: 182ms]
(2023-11-09 10:24:21) Veteran_GamerYT was flagged for [KillAuraD 1/3] [TPS: 20.00] [Ping: 144ms]
(2023-11-09 10:24:22) Veteran_GamerYT was flagged for [KillAuraD 2/3] [TPS: 20.00] [Ping: 144ms]
(2023-11-09 10:24:26) Veteran_GamerYT was flagged for [KillAuraE 1/3] [TPS: 20.00] [Ping: 144ms]
(2023-11-09 10:24:26) Veteran_GamerYT was flagged for [KillAuraD 3/3] [TPS: 20.00] [Ping: 144ms]
(2023-11-09 10:24:26) Veteran_GamerYT was punished for [KillAuraD 3/3] [TPS: 20.00] [Ping: 144ms]
(2023-11-09 10:27:15) Veteran_GamerYT was flagged for [KillAuraD 1/3] [TPS: 20.00] [Ping: 64ms]
(2023-11-09 10:29:23) Veteran_GamerYT was flagged for [ReachB 1/5] [TPS: 20.00] [Ping: 137ms]
(2023-11-09 10:29:26) Veteran_GamerYT was flagged for [ReachB 2/5] [TPS: 20.00] [Ping: 137ms]
(2023-11-09 10:29:28) Veteran_GamerYT was flagged for [ReachB 3/5] [TPS: 20.00] [Ping: 215ms]
(2023-11-09 10:32:53) Veteran_GamerYT was flagged for [KillAuraD 1/3] [TPS: 20.00] [Ping: 166ms]
(2023-11-09 11:15:38) Premxx15 was flagged for [ReachB 1/5] [TPS: 20.00] [Ping: 121ms]
(2023-11-09 11:46:29) gw_uke was flagged for [FastPlaceA 1/3] [TPS: 20.00] [Ping: 140ms]
(2023-11-09 11:46:32) gw_uke was flagged for [FlightB 1/50] [TPS: 20.00] [Ping: 140ms]
(2023-11-09 11:50:33) Neeraj_afk was flagged for [FlightB 1/50] [TPS: 20.00] [Ping: 210ms]
(2023-11-09 12:28:19) gw_uke was flagged for [ReachB 1/5] [TPS: 20.00] [Ping: 145ms]
(2023-11-09 12:37:56) gw_uke was flagged for [ReachB 1/5] [TPS: 20.00] [Ping: 152ms]
(2023-11-09 13:26:30) gw_uke was flagged for [KillAuraD 1/3] [TPS: 20.00] [Ping: 135ms]
(2023-11-09 13:26:52) SHADOW5566 was flagged for [KillAuraD 1/3] [TPS: 20.00] [Ping: 184ms]
(2023-11-09 13:33:50) SHADOW5566 was flagged for [VelocityA 1/12] [TPS: 20.00] [Ping: 272ms]
(2023-11-09 13:34:24) SHADOW5566 was flagged for [VelocityA 1/12] [TPS: 20.00] [Ping: 227ms]
(2023-11-09 13:40:29) gw_uke was flagged for [ReachB 1/5] [TPS: 20.00] [Ping: 136ms]
(2023-11-09 14:01:11) gw_uke was flagged for [ReachB 1/5] [TPS: 20.00] [Ping: 141ms]
(2023-11-09 14:01:12) gw_uke was flagged for [ReachB 3/5] [TPS: 20.00] [Ping: 141ms]
(2023-11-09 14:01:14) gw_uke was flagged for [ReachB 4/5] [TPS: 20.00] [Ping: 141ms]
(2023-11-09 14:01:14) gw_uke was punished for [ReachB 5/5] [TPS: 20.00] [Ping: 141ms]
(2023-11-09 15:39:15) gw_uke was flagged for [ReachB 1/5] [TPS: 20.00] [Ping: 158ms]
(2023-11-09 15:53:35) gw_uke was flagged for [ReachB 1/5] [TPS: 20.00] [Ping: 93ms]
(2023-11-09 17:28:55) Yash_gamer was flagged for [KillAuraA 1/8] [TPS: 20.00] [Ping: 146ms]
(2023-11-09 17:29:01) Yash_gamer was flagged for [KillAuraA 2/8] [TPS: 20.00] [Ping: 147ms]
(2023-11-09 17:34:06) Yash_gamer was flagged for [KillAuraA 1/8] [TPS: 20.00] [Ping: 153ms]
