(2023-11-11 02:50:05) itzz_krishu_o_p was flagged for [FlightB 1/50] [TPS: 20.00] [Ping: 252ms]
(2023-11-11 02:50:08) itzz_krishu_o_p was flagged for [FlightB 6/50] [TPS: 20.00] [Ping: 252ms]
(2023-11-11 03:12:42) gw_uke was flagged for [FlightB 1/50] [TPS: 20.00] [Ping: 139ms]
(2023-11-11 03:12:53) gw_uke was flagged for [FastPlaceA 1/3] [TPS: 20.00] [Ping: 138ms]
(2023-11-11 03:14:49) gw_uke was flagged for [FlightB 1/50] [TPS: 20.00] [Ping: 136ms]
(2023-11-11 03:15:16) gw_uke was flagged for [FlightB 3/50] [TPS: 20.00] [Ping: 136ms]
(2023-11-11 03:15:25) gw_uke was flagged for [FlightB 6/50] [TPS: 20.00] [Ping: 136ms]
(2023-11-11 03:15:40) gw_uke was flagged for [FlightB 8/50] [TPS: 20.00] [Ping: 136ms]
(2023-11-11 03:15:41) gw_uke was flagged for [FlightB 11/50] [TPS: 20.00] [Ping: 136ms]
(2023-11-11 03:16:02) gw_uke was flagged for [FlightB 13/50] [TPS: 20.00] [Ping: 136ms]
(2023-11-11 03:16:03) gw_uke was flagged for [FlightB 16/50] [TPS: 20.00] [Ping: 136ms]
(2023-11-11 03:16:55) gw_uke was flagged for [FlightB 1/50] [TPS: 20.00] [Ping: 138ms]
(2023-11-11 03:17:19) gw_uke was flagged for [FlightB 3/50] [TPS: 20.00] [Ping: 137ms]
(2023-11-11 03:32:30) gw_uke was flagged for [FlightB 1/50] [TPS: 20.00] [Ping: 137ms]
(2023-11-11 03:33:09) gw_uke was flagged for [FlightB 3/50] [TPS: 20.00] [Ping: 137ms]
(2023-11-11 03:44:24) gw_uke was flagged for [FlightB 1/50] [TPS: 20.00] [Ping: 136ms]
(2023-11-11 03:44:37) gw_uke was flagged for [FastPlaceA 1/3] [TPS: 20.00] [Ping: 136ms]
(2023-11-11 03:44:38) gw_uke was flagged for [FlightB 7/50] [TPS: 20.00] [Ping: 136ms]
(2023-11-11 03:44:40) gw_uke was flagged for [AirPlaceA 2/3] [TPS: 20.00] [Ping: 136ms]
(2023-11-11 03:44:40) gw_uke was punished for [FastPlaceA 3/3] [TPS: 20.00] [Ping: 136ms]
(2023-11-11 04:21:16) gw_uke was flagged for [FastBreakA 1/15] [TPS: 20.00] [Ping: 140ms]
(2023-11-11 04:21:18) gw_uke was flagged for [FastBreakA 3/15] [TPS: 20.00] [Ping: 140ms]
(2023-11-11 04:21:19) gw_uke was flagged for [FastBreakA 4/15] [TPS: 20.00] [Ping: 140ms]
(2023-11-11 04:21:21) gw_uke was flagged for [FastBreakA 6/15] [TPS: 20.00] [Ping: 140ms]
(2023-11-11 04:21:43) gw_uke was flagged for [FastBreakA 8/15] [TPS: 20.00] [Ping: 139ms]
(2023-11-11 04:31:42) gw_uke was flagged for [FastBreakA 1/15] [TPS: 20.00] [Ping: 137ms]
(2023-11-11 04:31:57) gw_uke was flagged for [FastBreakA 5/15] [TPS: 20.00] [Ping: 137ms]
(2023-11-11 04:31:59) gw_uke was flagged for [FastBreakA 7/15] [TPS: 20.00] [Ping: 137ms]
(2023-11-11 04:32:01) gw_uke was flagged for [FastBreakA 9/15] [TPS: 20.00] [Ping: 137ms]
(2023-11-11 04:32:02) gw_uke was flagged for [FastBreakA 1/15] [TPS: 20.00] [Ping: 137ms]
(2023-11-11 04:32:04) gw_uke was flagged for [FastBreakA 3/15] [TPS: 20.00] [Ping: 137ms]
(2023-11-11 04:32:05) gw_uke was flagged for [FastBreakA 4/15] [TPS: 20.00] [Ping: 137ms]
(2023-11-11 04:32:07) gw_uke was flagged for [FastBreakA 6/15] [TPS: 20.00] [Ping: 137ms]
(2023-11-11 04:32:08) gw_uke was flagged for [FastBreakA 7/15] [TPS: 20.00] [Ping: 137ms]
(2023-11-11 04:32:10) gw_uke was flagged for [FastBreakA 9/15] [TPS: 20.00] [Ping: 137ms]
(2023-11-11 04:32:12) gw_uke was flagged for [FastBreakA 11/15] [TPS: 20.00] [Ping: 137ms]
(2023-11-11 04:32:14) gw_uke was flagged for [FastBreakA 12/15] [TPS: 20.00] [Ping: 137ms]
(2023-11-11 04:32:18) gw_uke was flagged for [FastBreakA 13/15] [TPS: 20.00] [Ping: 137ms]
(2023-11-11 04:32:23) gw_uke was flagged for [FastBreakA 14/15] [TPS: 20.00] [Ping: 137ms]
(2023-11-11 04:32:28) gw_uke was flagged for [FastBreakA 15/15] [TPS: 20.00] [Ping: 137ms]
(2023-11-11 04:32:28) gw_uke was punished for [FastBreakA 15/15] [TPS: 20.00] [Ping: 137ms]
(2023-11-11 04:32:37) gw_uke was flagged for [FastBreakA 1/15] [TPS: 20.00] [Ping: 0ms]
(2023-11-11 04:32:39) gw_uke was flagged for [FastBreakA 3/15] [TPS: 20.00] [Ping: 0ms]
(2023-11-11 04:32:41) gw_uke was flagged for [FastBreakA 5/15] [TPS: 20.00] [Ping: 0ms]
(2023-11-11 04:32:42) gw_uke was flagged for [FastBreakA 6/15] [TPS: 20.00] [Ping: 0ms]
(2023-11-11 04:34:28) gw_uke was flagged for [ItemSwapA 1/4] [TPS: 20.00] [Ping: 120ms]
(2023-11-11 04:34:45) gw_uke was flagged for [FastBreakA 7/15] [TPS: 20.00] [Ping: 124ms]
(2023-11-11 04:34:47) gw_uke was flagged for [FastBreakA 8/15] [TPS: 20.00] [Ping: 124ms]
(2023-11-11 04:34:48) gw_uke was flagged for [FastBreakA 9/15] [TPS: 20.00] [Ping: 127ms]
(2023-11-11 04:34:55) gw_uke was flagged for [FastBreakA 10/15] [TPS: 20.00] [Ping: 127ms]
(2023-11-11 04:34:56) gw_uke was flagged for [FastBreakA 11/15] [TPS: 20.00] [Ping: 127ms]
(2023-11-11 04:34:58) gw_uke was flagged for [FastBreakA 12/15] [TPS: 20.00] [Ping: 127ms]
(2023-11-11 04:35:00) gw_uke was flagged for [FastBreakA 13/15] [TPS: 20.00] [Ping: 127ms]
(2023-11-11 04:35:03) gw_uke was flagged for [FastBreakA 1/15] [TPS: 20.00] [Ping: 129ms]
(2023-11-11 04:35:05) gw_uke was flagged for [FastBreakA 2/15] [TPS: 20.00] [Ping: 129ms]
(2023-11-11 04:35:07) gw_uke was flagged for [FastBreakA 3/15] [TPS: 20.00] [Ping: 129ms]
(2023-11-11 04:40:06) gw_uke was flagged for [FastBreakA 1/15] [TPS: 20.00] [Ping: 137ms]
(2023-11-11 04:40:09) gw_uke was flagged for [FastBreakA 3/15] [TPS: 20.00] [Ping: 137ms]
(2023-11-11 04:40:11) gw_uke was flagged for [FastBreakA 5/15] [TPS: 20.00] [Ping: 137ms]
(2023-11-11 04:40:13) gw_uke was flagged for [FastBreakA 7/15] [TPS: 20.00] [Ping: 137ms]
(2023-11-11 04:40:22) gw_uke was flagged for [FastBreakA 9/15] [TPS: 20.00] [Ping: 137ms]
(2023-11-11 04:40:23) gw_uke was flagged for [FastBreakA 10/15] [TPS: 20.00] [Ping: 137ms]
(2023-11-11 04:52:42) gw_uke was flagged for [FastBreakA 1/15] [TPS: 20.00] [Ping: 137ms]
(2023-11-11 04:52:43) gw_uke was flagged for [FastBreakA 3/15] [TPS: 20.00] [Ping: 137ms]
(2023-11-11 04:52:48) gw_uke was flagged for [FastBreakA 4/15] [TPS: 20.00] [Ping: 137ms]
(2023-11-11 04:52:50) gw_uke was flagged for [FastBreakA 6/15] [TPS: 20.00] [Ping: 137ms]
(2023-11-11 04:52:52) gw_uke was flagged for [FastBreakA 8/15] [TPS: 20.00] [Ping: 137ms]
(2023-11-11 04:52:54) gw_uke was flagged for [FastBreakA 10/15] [TPS: 20.00] [Ping: 137ms]
(2023-11-11 04:52:55) gw_uke was flagged for [FastBreakA 11/15] [TPS: 20.00] [Ping: 137ms]
(2023-11-11 04:52:56) gw_uke was flagged for [FastBreakA 12/15] [TPS: 20.00] [Ping: 137ms]
(2023-11-11 04:52:57) gw_uke was flagged for [FastBreakA 13/15] [TPS: 20.00] [Ping: 137ms]
(2023-11-11 04:52:58) gw_uke was flagged for [FastBreakA 14/15] [TPS: 20.00] [Ping: 137ms]
(2023-11-11 04:53:02) gw_uke was flagged for [FastBreakA 1/15] [TPS: 20.00] [Ping: 137ms]
(2023-11-11 04:53:04) gw_uke was flagged for [FastBreakA 2/15] [TPS: 20.00] [Ping: 137ms]
(2023-11-11 04:53:05) gw_uke was flagged for [FastBreakA 3/15] [TPS: 20.00] [Ping: 137ms]
(2023-11-11 04:53:09) gw_uke was flagged for [FastBreakA 4/15] [TPS: 20.00] [Ping: 137ms]
(2023-11-11 04:53:10) gw_uke was flagged for [FastBreakA 6/15] [TPS: 20.00] [Ping: 137ms]
(2023-11-11 04:53:12) gw_uke was flagged for [FastBreakA 8/15] [TPS: 20.00] [Ping: 137ms]
(2023-11-11 04:53:25) gw_uke was flagged for [FastBreakA 9/15] [TPS: 20.00] [Ping: 139ms]
(2023-11-11 04:53:28) gw_uke was flagged for [FastBreakA 11/15] [TPS: 20.00] [Ping: 139ms]
(2023-11-11 04:53:30) gw_uke was flagged for [FastBreakA 13/15] [TPS: 20.00] [Ping: 139ms]
(2023-11-11 04:53:31) gw_uke was flagged for [FastBreakA 14/15] [TPS: 20.00] [Ping: 139ms]
(2023-11-11 04:53:32) gw_uke was flagged for [FastBreakA 15/15] [TPS: 20.00] [Ping: 139ms]
(2023-11-11 04:53:32) gw_uke was punished for [FastBreakA 15/15] [TPS: 20.00] [Ping: 139ms]
(2023-11-11 04:53:44) gw_uke was flagged for [FastBreakA 1/15] [TPS: 20.00] [Ping: 0ms]
(2023-11-11 04:53:46) gw_uke was flagged for [FastBreakA 3/15] [TPS: 20.00] [Ping: 0ms]
(2023-11-11 04:53:48) gw_uke was flagged for [FastBreakA 5/15] [TPS: 20.00] [Ping: 0ms]
(2023-11-11 04:53:50) gw_uke was flagged for [FastBreakA 6/15] [TPS: 20.00] [Ping: 0ms]
(2023-11-11 04:53:52) gw_uke was flagged for [FastBreakA 8/15] [TPS: 20.00] [Ping: 35ms]
(2023-11-11 04:53:53) gw_uke was flagged for [FastBreakA 9/15] [TPS: 20.00] [Ping: 35ms]
(2023-11-11 04:53:55) gw_uke was flagged for [FastBreakA 11/15] [TPS: 20.00] [Ping: 35ms]
(2023-11-11 04:53:57) gw_uke was flagged for [FastBreakA 12/15] [TPS: 20.00] [Ping: 35ms]
(2023-11-11 04:54:02) gw_uke was flagged for [FastBreakA 13/15] [TPS: 20.00] [Ping: 35ms]
(2023-11-11 04:54:07) gw_uke was flagged for [FastBreakA 14/15] [TPS: 20.00] [Ping: 61ms]
(2023-11-11 04:54:08) gw_uke was punished for [FastBreakA 15/15] [TPS: 20.00] [Ping: 61ms]
(2023-11-11 04:54:20) gw_uke was flagged for [FastBreakA 1/15] [TPS: 20.00] [Ping: 0ms]
(2023-11-11 04:54:22) gw_uke was flagged for [FastBreakA 3/15] [TPS: 20.00] [Ping: 0ms]
(2023-11-11 04:54:24) gw_uke was flagged for [FastBreakA 5/15] [TPS: 20.00] [Ping: 0ms]
(2023-11-11 04:54:25) gw_uke was flagged for [FastBreakA 6/15] [TPS: 20.00] [Ping: 0ms]
(2023-11-11 04:54:26) gw_uke was flagged for [FastBreakA 7/15] [TPS: 20.00] [Ping: 0ms]
(2023-11-11 04:54:28) gw_uke was flagged for [FastBreakA 8/15] [TPS: 20.00] [Ping: 0ms]
(2023-11-11 04:54:29) gw_uke was flagged for [FastBreakA 9/15] [TPS: 20.00] [Ping: 0ms]
(2023-11-11 04:54:30) gw_uke was flagged for [FastBreakA 10/15] [TPS: 20.00] [Ping: 0ms]
(2023-11-11 04:54:32) gw_uke was flagged for [FastBreakA 11/15] [TPS: 20.00] [Ping: 0ms]
(2023-11-11 04:54:33) gw_uke was flagged for [FastBreakA 12/15] [TPS: 20.00] [Ping: 34ms]
(2023-11-11 04:54:37) gw_uke was flagged for [FastBreakA 13/15] [TPS: 20.00] [Ping: 34ms]
(2023-11-11 04:54:37) gw_uke was punished for [FastBreakA 15/15] [TPS: 20.00] [Ping: 34ms]
(2023-11-11 04:54:43) gw_uke was flagged for [FastBreakA 1/15] [TPS: 20.00] [Ping: 0ms]
(2023-11-11 04:55:00) gw_uke was flagged for [FastBreakA 2/15] [TPS: 20.00] [Ping: 35ms]
(2023-11-11 04:55:06) gw_uke was flagged for [FastBreakA 3/15] [TPS: 20.00] [Ping: 35ms]
(2023-11-11 04:55:08) gw_uke was flagged for [FastBreakA 4/15] [TPS: 20.00] [Ping: 35ms]
(2023-11-11 04:55:09) gw_uke was flagged for [FastBreakA 5/15] [TPS: 20.00] [Ping: 35ms]
(2023-11-11 04:55:10) gw_uke was flagged for [FastBreakA 6/15] [TPS: 20.00] [Ping: 61ms]
(2023-11-11 04:55:12) gw_uke was flagged for [FastBreakA 7/15] [TPS: 20.00] [Ping: 61ms]
(2023-11-11 04:55:13) gw_uke was flagged for [FastBreakA 8/15] [TPS: 20.00] [Ping: 61ms]
(2023-11-11 04:55:14) gw_uke was flagged for [FastBreakA 9/15] [TPS: 20.00] [Ping: 61ms]
(2023-11-11 04:55:16) gw_uke was flagged for [FastBreakA 10/15] [TPS: 20.00] [Ping: 61ms]
(2023-11-11 04:55:17) gw_uke was flagged for [FastBreakA 11/15] [TPS: 20.00] [Ping: 61ms]
(2023-11-11 04:55:18) gw_uke was flagged for [FastBreakA 12/15] [TPS: 20.00] [Ping: 61ms]
(2023-11-11 04:55:19) gw_uke was flagged for [FastBreakA 13/15] [TPS: 20.00] [Ping: 61ms]
(2023-11-11 04:55:21) gw_uke was flagged for [FastBreakA 14/15] [TPS: 20.00] [Ping: 61ms]
(2023-11-11 04:55:22) gw_uke was flagged for [FastBreakA 15/15] [TPS: 20.00] [Ping: 61ms]
(2023-11-11 04:55:22) gw_uke was punished for [FastBreakA 15/15] [TPS: 20.00] [Ping: 61ms]
(2023-11-11 04:55:30) gw_uke was flagged for [FastBreakA 1/15] [TPS: 20.00] [Ping: 0ms]
(2023-11-11 04:55:32) gw_uke was flagged for [FastBreakA 3/15] [TPS: 20.00] [Ping: 0ms]
(2023-11-11 04:55:33) gw_uke was flagged for [FastBreakA 4/15] [TPS: 20.00] [Ping: 0ms]
(2023-11-11 04:55:38) gw_uke was flagged for [FastBreakA 5/15] [TPS: 20.00] [Ping: 0ms]
(2023-11-11 04:55:39) gw_uke was flagged for [FastBreakA 7/15] [TPS: 20.00] [Ping: 0ms]
(2023-11-11 04:55:41) gw_uke was flagged for [FastBreakA 9/15] [TPS: 20.00] [Ping: 35ms]
(2023-11-11 04:55:43) gw_uke was flagged for [FastBreakA 11/15] [TPS: 20.00] [Ping: 35ms]
(2023-11-11 04:55:47) gw_uke was flagged for [FastBreakA 12/15] [TPS: 20.00] [Ping: 35ms]
(2023-11-11 04:55:50) gw_uke was flagged for [FastBreakA 13/15] [TPS: 20.00] [Ping: 35ms]
(2023-11-11 04:55:52) gw_uke was flagged for [FastBreakA 14/15] [TPS: 20.00] [Ping: 35ms]
(2023-11-11 04:55:53) gw_uke was punished for [FastBreakA 15/15] [TPS: 20.00] [Ping: 35ms]
(2023-11-11 04:55:59) gw_uke was flagged for [FastBreakA 1/15] [TPS: 20.00] [Ping: 0ms]
(2023-11-11 04:56:06) gw_uke was flagged for [FastBreakA 1/15] [TPS: 20.00] [Ping: 0ms]
(2023-11-11 04:56:08) gw_uke was flagged for [FastBreakA 3/15] [TPS: 20.00] [Ping: 0ms]
(2023-11-11 04:56:10) gw_uke was flagged for [FastBreakA 5/15] [TPS: 20.00] [Ping: 0ms]
(2023-11-11 04:56:17) gw_uke was flagged for [FastBreakA 7/15] [TPS: 20.00] [Ping: 35ms]
(2023-11-11 04:56:21) gw_uke was flagged for [FastBreakA 8/15] [TPS: 20.00] [Ping: 35ms]
(2023-11-11 04:56:23) gw_uke was flagged for [FastBreakA 10/15] [TPS: 20.00] [Ping: 35ms]
(2023-11-11 04:56:24) gw_uke was flagged for [FastBreakA 11/15] [TPS: 20.00] [Ping: 35ms]
(2023-11-11 04:56:26) gw_uke was flagged for [FastBreakA 12/15] [TPS: 20.00] [Ping: 35ms]
(2023-11-11 04:56:27) gw_uke was flagged for [FastBreakA 13/15] [TPS: 20.00] [Ping: 61ms]
(2023-11-11 04:56:28) gw_uke was flagged for [FastBreakA 14/15] [TPS: 20.00] [Ping: 61ms]
(2023-11-11 04:56:30) gw_uke was punished for [FastBreakA 15/15] [TPS: 20.00] [Ping: 61ms]
(2023-11-11 04:56:30) gw_uke was flagged for [FastBreakA 15/15] [TPS: 20.00] [Ping: 61ms]
(2023-11-11 04:56:37) gw_uke was flagged for [FastBreakA 1/15] [TPS: 20.00] [Ping: 0ms]
(2023-11-11 04:56:38) gw_uke was flagged for [FastBreakA 3/15] [TPS: 20.00] [Ping: 0ms]
(2023-11-11 04:56:40) gw_uke was flagged for [FastBreakA 4/15] [TPS: 20.00] [Ping: 0ms]
(2023-11-11 04:56:44) gw_uke was flagged for [FastBreakA 5/15] [TPS: 20.00] [Ping: 0ms]
(2023-11-11 04:56:46) gw_uke was flagged for [FastBreakA 7/15] [TPS: 20.00] [Ping: 0ms]
(2023-11-11 04:56:47) gw_uke was flagged for [FastBreakA 9/15] [TPS: 20.00] [Ping: 0ms]
(2023-11-11 04:56:49) gw_uke was flagged for [FastBreakA 11/15] [TPS: 20.00] [Ping: 34ms]
(2023-11-11 04:56:51) gw_uke was flagged for [FastBreakA 12/15] [TPS: 20.00] [Ping: 34ms]
(2023-11-11 04:56:54) gw_uke was flagged for [FastBreakA 13/15] [TPS: 20.00] [Ping: 34ms]
(2023-11-11 04:57:04) gw_uke was flagged for [FastBreakA 14/15] [TPS: 20.00] [Ping: 60ms]
(2023-11-11 04:57:05) gw_uke was flagged for [FastBreakA 15/15] [TPS: 20.00] [Ping: 60ms]
(2023-11-11 04:57:05) gw_uke was punished for [FastBreakA 15/15] [TPS: 20.00] [Ping: 60ms]
(2023-11-11 04:57:13) gw_uke was flagged for [FastBreakA 1/15] [TPS: 20.00] [Ping: 0ms]
(2023-11-11 04:57:24) gw_uke was flagged for [FastBreakA 3/15] [TPS: 20.00] [Ping: 0ms]
(2023-11-11 04:57:27) gw_uke was flagged for [FastBreakA 4/15] [TPS: 20.00] [Ping: 38ms]
(2023-11-11 04:57:37) gw_uke was flagged for [FastBreakA 5/15] [TPS: 20.00] [Ping: 38ms]
(2023-11-11 04:57:51) gw_uke was flagged for [FastBreakA 7/15] [TPS: 20.00] [Ping: 66ms]
(2023-11-11 04:57:58) gw_uke was flagged for [FastBreakA 8/15] [TPS: 20.00] [Ping: 87ms]
(2023-11-11 04:58:04) gw_uke was flagged for [FastBreakA 10/15] [TPS: 20.00] [Ping: 87ms]
(2023-11-11 04:58:06) gw_uke was flagged for [FastBreakA 12/15] [TPS: 20.00] [Ping: 87ms]
(2023-11-11 04:58:11) gw_uke was flagged for [FastBreakA 13/15] [TPS: 20.00] [Ping: 103ms]
(2023-11-11 04:58:13) gw_uke was flagged for [FastBreakA 15/15] [TPS: 20.00] [Ping: 103ms]
(2023-11-11 04:58:13) gw_uke was punished for [FastBreakA 15/15] [TPS: 20.00] [Ping: 103ms]
(2023-11-11 04:59:26) gw_uke was flagged for [FastBreakA 1/15] [TPS: 20.00] [Ping: 100ms]
(2023-11-11 04:59:28) gw_uke was flagged for [FastBreakA 2/15] [TPS: 20.00] [Ping: 100ms]
(2023-11-11 04:59:29) gw_uke was flagged for [FastBreakA 4/15] [TPS: 20.00] [Ping: 100ms]
(2023-11-11 04:59:31) gw_uke was flagged for [FastBreakA 6/15] [TPS: 20.00] [Ping: 110ms]
(2023-11-11 04:59:33) gw_uke was flagged for [FastBreakA 8/15] [TPS: 20.00] [Ping: 110ms]
(2023-11-11 04:59:35) gw_uke was flagged for [FastBreakA 10/15] [TPS: 20.00] [Ping: 110ms]
(2023-11-11 04:59:37) gw_uke was flagged for [FastBreakA 12/15] [TPS: 20.00] [Ping: 110ms]
(2023-11-11 04:59:49) gw_uke was flagged for [FastBreakA 13/15] [TPS: 20.00] [Ping: 118ms]
(2023-11-11 04:59:51) gw_uke was flagged for [FastBreakA 14/15] [TPS: 20.00] [Ping: 118ms]
(2023-11-11 05:03:12) gw_uke was flagged for [FastBreakA 1/15] [TPS: 20.00] [Ping: 143ms]
(2023-11-11 05:03:13) gw_uke was flagged for [FastBreakA 2/15] [TPS: 20.00] [Ping: 143ms]
(2023-11-11 05:03:15) gw_uke was flagged for [FastBreakA 4/15] [TPS: 20.00] [Ping: 143ms]
(2023-11-11 05:22:04) gw_uke was flagged for [FlightB 1/50] [TPS: 20.00] [Ping: 148ms]
(2023-11-11 07:53:23) gw_uke was flagged for [FastBreakA 1/15] [TPS: 20.00] [Ping: 137ms]
(2023-11-11 07:53:28) gw_uke was flagged for [FastBreakA 3/15] [TPS: 20.00] [Ping: 137ms]
(2023-11-11 07:53:31) gw_uke was flagged for [FastBreakA 5/15] [TPS: 20.00] [Ping: 137ms]
(2023-11-11 07:53:33) gw_uke was flagged for [FastBreakA 7/15] [TPS: 20.00] [Ping: 137ms]
(2023-11-11 07:53:34) gw_uke was flagged for [FastBreakA 8/15] [TPS: 20.00] [Ping: 137ms]
(2023-11-11 07:53:36) gw_uke was flagged for [FastBreakA 10/15] [TPS: 20.00] [Ping: 137ms]
(2023-11-11 07:53:38) gw_uke was flagged for [FastBreakA 12/15] [TPS: 20.00] [Ping: 137ms]
(2023-11-11 07:53:40) gw_uke was flagged for [FastBreakA 14/15] [TPS: 20.00] [Ping: 137ms]
(2023-11-11 07:53:41) gw_uke was punished for [FastBreakA 15/15] [TPS: 20.00] [Ping: 137ms]
(2023-11-11 07:53:47) gw_uke was flagged for [FastBreakA 1/15] [TPS: 20.00] [Ping: 0ms]
(2023-11-11 07:53:49) gw_uke was flagged for [FastBreakA 3/15] [TPS: 20.00] [Ping: 0ms]
(2023-11-11 07:53:51) gw_uke was flagged for [FastBreakA 5/15] [TPS: 20.00] [Ping: 0ms]
(2023-11-11 07:53:52) gw_uke was flagged for [FastBreakA 6/15] [TPS: 20.00] [Ping: 0ms]
(2023-11-11 07:53:53) gw_uke was flagged for [FastBreakA 7/15] [TPS: 20.00] [Ping: 0ms]
(2023-11-11 07:53:54) gw_uke was flagged for [FastBreakA 8/15] [TPS: 20.00] [Ping: 0ms]
(2023-11-11 07:53:56) gw_uke was flagged for [FastBreakA 10/15] [TPS: 20.00] [Ping: 0ms]
(2023-11-11 07:54:00) gw_uke was flagged for [FastBreakA 12/15] [TPS: 20.00] [Ping: 35ms]
(2023-11-11 07:54:02) gw_uke was flagged for [FastBreakA 14/15] [TPS: 20.00] [Ping: 35ms]
(2023-11-11 07:54:03) gw_uke was punished for [FastBreakA 15/15] [TPS: 20.00] [Ping: 35ms]
(2023-11-11 07:54:09) gw_uke was flagged for [FastBreakA 1/15] [TPS: 20.00] [Ping: 0ms]
(2023-11-11 07:54:11) gw_uke was flagged for [FastBreakA 3/15] [TPS: 20.00] [Ping: 0ms]
(2023-11-11 07:55:38) gw_uke was flagged for [FastBreakA 1/15] [TPS: 20.00] [Ping: 121ms]
(2023-11-11 07:55:40) gw_uke was flagged for [FastBreakA 3/15] [TPS: 20.00] [Ping: 121ms]
(2023-11-11 07:55:42) gw_uke was flagged for [FastBreakA 5/15] [TPS: 20.00] [Ping: 121ms]
(2023-11-11 07:55:44) gw_uke was flagged for [FastBreakA 7/15] [TPS: 20.00] [Ping: 121ms]
(2023-11-11 07:55:46) gw_uke was flagged for [FastBreakA 8/15] [TPS: 20.00] [Ping: 121ms]
(2023-11-11 07:56:05) gw_uke was flagged for [FastBreakA 9/15] [TPS: 20.00] [Ping: 131ms]
(2023-11-11 07:56:16) gw_uke was flagged for [FastBreakA 10/15] [TPS: 20.00] [Ping: 138ms]
(2023-11-11 07:56:18) gw_uke was flagged for [FastBreakA 12/15] [TPS: 20.00] [Ping: 138ms]
(2023-11-11 07:56:19) gw_uke was flagged for [FastBreakA 13/15] [TPS: 20.00] [Ping: 138ms]
(2023-11-11 07:56:21) gw_uke was punished for [FastBreakA 15/15] [TPS: 20.00] [Ping: 143ms]
(2023-11-11 07:56:21) gw_uke was flagged for [FastBreakA 15/15] [TPS: 20.00] [Ping: 143ms]
(2023-11-11 07:56:27) gw_uke was flagged for [FastBreakA 1/15] [TPS: 20.00] [Ping: 0ms]
(2023-11-11 07:56:29) gw_uke was flagged for [FastBreakA 3/15] [TPS: 20.00] [Ping: 0ms]
(2023-11-11 07:56:31) gw_uke was flagged for [FastBreakA 5/15] [TPS: 20.00] [Ping: 0ms]
(2023-11-11 07:56:33) gw_uke was flagged for [FastBreakA 7/15] [TPS: 20.00] [Ping: 0ms]
(2023-11-11 07:56:35) gw_uke was flagged for [FastBreakA 9/15] [TPS: 20.00] [Ping: 0ms]
(2023-11-11 07:56:37) gw_uke was flagged for [FastBreakA 11/15] [TPS: 20.00] [Ping: 0ms]
(2023-11-11 07:56:38) gw_uke was flagged for [FastBreakA 12/15] [TPS: 20.00] [Ping: 0ms]
(2023-11-11 07:56:39) gw_uke was flagged for [FastBreakA 13/15] [TPS: 20.00] [Ping: 0ms]
(2023-11-11 07:56:40) gw_uke was flagged for [FastBreakA 14/15] [TPS: 20.00] [Ping: 34ms]
(2023-11-11 07:56:43) gw_uke was flagged for [FastBreakA 15/15] [TPS: 20.00] [Ping: 34ms]
(2023-11-11 07:56:43) gw_uke was punished for [FastBreakA 15/15] [TPS: 20.00] [Ping: 34ms]
(2023-11-11 07:56:48) gw_uke was flagged for [FastBreakA 1/15] [TPS: 20.00] [Ping: 0ms]
(2023-11-11 07:56:50) gw_uke was flagged for [FastBreakA 3/15] [TPS: 20.00] [Ping: 0ms]
(2023-11-11 07:56:53) gw_uke was flagged for [FastBreakA 5/15] [TPS: 20.00] [Ping: 0ms]
(2023-11-11 07:56:55) gw_uke was flagged for [FastBreakA 7/15] [TPS: 20.00] [Ping: 0ms]
(2023-11-11 07:57:00) gw_uke was flagged for [FastBreakA 8/15] [TPS: 20.00] [Ping: 0ms]
(2023-11-11 07:57:02) gw_uke was flagged for [FastBreakA 10/15] [TPS: 20.00] [Ping: 34ms]
(2023-11-11 07:57:07) gw_uke was flagged for [FastBreakA 11/15] [TPS: 20.00] [Ping: 34ms]
