(2023-11-08 03:33:25) legendboyplayz was flagged for [NoFallA 1/25] [TPS: 20.00] [Ping: 119ms]
(2023-11-08 03:33:29) legendboyplayz was flagged for [FlightB 1/50] [TPS: 20.00] [Ping: 119ms]
(2023-11-08 03:33:30) legendboyplayz was flagged for [NoFallA 8/25] [TPS: 20.00] [Ping: 119ms]
(2023-11-08 03:33:31) legendboyplayz was flagged for [FlightB 9/50] [TPS: 20.00] [Ping: 119ms]
(2023-11-08 03:33:32) legendboyplayz was flagged for [FlightA 17/50] [TPS: 20.00] [Ping: 119ms]
(2023-11-08 03:33:33) legendboyplayz was flagged for [FlightA 38/50] [TPS: 20.00] [Ping: 119ms]
(2023-11-08 03:33:33) legendboyplayz was punished for [SpeedA 35/35] [TPS: 20.00] [Ping: 119ms]
(2023-11-08 03:33:40) legendboyplayz was flagged for [FlightA 1/50] [TPS: 20.00] [Ping: 0ms]
(2023-11-08 03:34:36) legendboyplayz was flagged for [FlightB 1/50] [TPS: 20.00] [Ping: 79ms]
(2023-11-08 03:34:37) legendboyplayz was flagged for [FlightA 12/50] [TPS: 20.00] [Ping: 79ms]
(2023-11-08 03:34:41) legendboyplayz was flagged for [NoFallB 1/30] [TPS: 20.00] [Ping: 94ms]
(2023-11-08 03:35:10) legendboyplayz was flagged for [NoFallB 5/30] [TPS: 20.00] [Ping: 113ms]
(2023-11-08 03:35:24) legendboyplayz was flagged for [FlightB 13/50] [TPS: 20.00] [Ping: 119ms]
(2023-11-08 03:35:25) legendboyplayz was flagged for [FlightA 33/50] [TPS: 20.00] [Ping: 119ms]
(2023-11-08 03:35:26) legendboyplayz was flagged for [NoFallA 15/25] [TPS: 20.00] [Ping: 119ms]
(2023-11-08 03:35:35) legendboyplayz was flagged for [FlightB 31/50] [TPS: 20.00] [Ping: 119ms]
(2023-11-08 03:35:36) legendboyplayz was punished for [FlightA 50/50] [TPS: 20.00] [Ping: 119ms]
(2023-11-08 03:35:40) legendboyplayz was flagged for [FlightA 1/50] [TPS: 20.00] [Ping: 0ms]
(2023-11-08 03:36:01) legendboyplayz was flagged for [NoFallB 1/30] [TPS: 20.00] [Ping: 34ms]
(2023-11-08 03:36:06) legendboyplayz was flagged for [NoFallB 3/30] [TPS: 20.00] [Ping: 34ms]
(2023-11-08 03:36:12) legendboyplayz was flagged for [NoFallB 7/30] [TPS: 20.00] [Ping: 60ms]
(2023-11-08 03:36:18) legendboyplayz was flagged for [NoFallB 10/30] [TPS: 20.00] [Ping: 60ms]
(2023-11-08 03:36:36) legendboyplayz was flagged for [SpeedB 1/35] [TPS: 20.00] [Ping: 79ms]
(2023-11-08 03:36:37) legendboyplayz was flagged for [SpeedA 8/35] [TPS: 20.00] [Ping: 79ms]
(2023-11-08 03:40:14) legendboyplayz was flagged for [NoFallA 1/25] [TPS: 20.00] [Ping: 141ms]
(2023-11-08 03:42:30) legendboyplayz was flagged for [CriticalsA 1/1] [TPS: 20.00] [Ping: 140ms]
(2023-11-08 03:42:30) legendboyplayz was punished for [CriticalsA 1/1] [TPS: 20.00] [Ping: 140ms]
(2023-11-08 03:43:09) legendboyplayz was punished for [CriticalsA 1/1] [TPS: 20.00] [Ping: 60ms]
(2023-11-08 03:43:09) legendboyplayz was flagged for [CriticalsA 1/1] [TPS: 20.00] [Ping: 60ms]
(2023-11-08 03:45:11) legendboyplayz was flagged for [NoFallB 1/30] [TPS: 20.00] [Ping: 122ms]
(2023-11-08 05:46:06) Neeraj_afk was flagged for [SpeedC 1/30] [TPS: 20.00] [Ping: 183ms]
(2023-11-08 05:54:45) Yash_gamer was flagged for [FlightB 1/50] [TPS: 20.00] [Ping: 141ms]
(2023-11-08 06:17:05) Yash_gamer was flagged for [KillAuraD 1/3] [TPS: 20.00] [Ping: 147ms]
(2023-11-08 06:19:21) Yash_gamer was flagged for [KillAuraD 1/3] [TPS: 20.00] [Ping: 147ms]
(2023-11-08 06:24:55) LEGEND_10117 was flagged for [KillAuraD 1/3] [TPS: 20.00] [Ping: 157ms]
(2023-11-08 06:34:36) LEGEND_10117 was flagged for [ReachB 1/5] [TPS: 20.00] [Ping: 67ms]
(2023-11-08 06:48:39) Neeraj_afk was flagged for [FlightB 1/50] [TPS: 20.00] [Ping: 167ms]
(2023-11-08 06:48:55) Neeraj_afk was flagged for [FlightB 3/50] [TPS: 20.00] [Ping: 168ms]
(2023-11-08 07:08:28) NoT_SH7VanG was flagged for [ReachB 1/5] [TPS: 20.00] [Ping: 117ms]
(2023-11-08 08:53:39) WhiteDemonB was flagged for [VelocityA 1/12] [TPS: 20.00] [Ping: 196ms]
(2023-11-08 08:59:31) legendboyplayz was flagged for [NoFallB 1/30] [TPS: 20.00] [Ping: 136ms]
(2023-11-08 08:59:32) legendboyplayz was flagged for [NoFallA 22/25] [TPS: 20.00] [Ping: 136ms]
(2023-11-08 08:59:33) legendboyplayz was punished for [NoFallA 25/25] [TPS: 20.00] [Ping: 136ms]
(2023-11-08 08:59:39) legendboyplayz was flagged for [NoFallA 1/25] [TPS: 20.00] [Ping: 0ms]
(2023-11-08 08:59:40) legendboyplayz was punished for [NoFallA 25/25] [TPS: 20.00] [Ping: 0ms]
(2023-11-08 08:59:48) legendboyplayz was flagged for [NoFallA 1/25] [TPS: 20.00] [Ping: 0ms]
(2023-11-08 08:59:49) legendboyplayz was punished for [NoFallA 25/25] [TPS: 20.00] [Ping: 0ms]
(2023-11-08 09:02:38) legendboyplayz was flagged for [FlightB 1/50] [TPS: 20.00] [Ping: 78ms]
(2023-11-08 10:30:42) ShapeshifterOP was flagged for [FlightB 1/50] [TPS: 20.00] [Ping: 151ms]
(2023-11-08 14:49:34) ironblade1 was flagged for [FlightB 1/50] [TPS: 20.00] [Ping: 51ms]
(2023-11-08 14:51:32) ironblade1 was flagged for [FlightB 4/50] [TPS: 20.00] [Ping: 58ms]
(2023-11-08 14:54:51) ironblade1 was flagged for [FlightB 1/50] [TPS: 20.00] [Ping: 53ms]
