(2023-11-10 05:15:20) Neeraj_afk was flagged for [KillAuraD 1/3] [TPS: 20.00] [Ping: 182ms]
(2023-11-10 05:15:30) Neeraj_afk was flagged for [KillAuraD 2/3] [TPS: 20.00] [Ping: 183ms]
(2023-11-10 05:15:31) Neeraj_afk was flagged for [KillAuraE 1/3] [TPS: 20.00] [Ping: 183ms]
(2023-11-10 05:15:31) Neeraj_afk was punished for [KillAuraD 3/3] [TPS: 20.00] [Ping: 183ms]
(2023-11-10 05:15:42) Neeraj_afk was flagged for [KillAuraD 1/3] [TPS: 20.00] [Ping: 0ms]
(2023-11-10 05:15:46) Neeraj_afk was flagged for [KillAuraD 2/3] [TPS: 20.00] [Ping: 0ms]
(2023-11-10 05:15:51) Neeraj_afk was punished for [KillAuraD 3/3] [TPS: 20.00] [Ping: 45ms]
(2023-11-10 05:15:51) Neeraj_afk was flagged for [KillAuraD 3/3] [TPS: 20.00] [Ping: 45ms]
(2023-11-10 05:15:51) Neeraj_afk was flagged for [KillAuraE 1/3] [TPS: 20.00] [Ping: 45ms]
(2023-11-10 05:17:41) Neeraj_afk was flagged for [KillAuraD 1/3] [TPS: 20.00] [Ping: 146ms]
(2023-11-10 05:17:51) Neeraj_afk was flagged for [KillAuraD 2/3] [TPS: 20.00] [Ping: 146ms]
(2023-11-10 05:17:52) Neeraj_afk was punished for [KillAuraD 3/3] [TPS: 20.00] [Ping: 146ms]
(2023-11-10 05:17:52) Neeraj_afk was flagged for [KillAuraD 3/3] [TPS: 20.00] [Ping: 146ms]
(2023-11-10 05:17:52) Neeraj_afk was flagged for [KillAuraE 1/3] [TPS: 20.00] [Ping: 146ms]
(2023-11-10 05:18:13) Neeraj_afk was flagged for [KillAuraD 1/3] [TPS: 20.00] [Ping: 45ms]
(2023-11-10 05:19:12) Neeraj_afk was flagged for [KillAuraD 1/3] [TPS: 20.00] [Ping: 135ms]
(2023-11-10 05:24:18) Neeraj_afk was flagged for [ReachB 1/5] [TPS: 20.00] [Ping: 175ms]
(2023-11-10 05:24:24) Neeraj_afk was flagged for [ReachB 2/5] [TPS: 20.00] [Ping: 175ms]
(2023-11-10 06:15:50) gw_uke was flagged for [FastBreakA 1/15] [TPS: 20.00] [Ping: 141ms]
(2023-11-10 06:15:51) gw_uke was flagged for [FastBreakA 11/15] [TPS: 20.00] [Ping: 141ms]
(2023-11-10 06:15:51) gw_uke was punished for [FastBreakA 15/15] [TPS: 20.00] [Ping: 141ms]
(2023-11-10 06:23:30) gw_uke was flagged for [ReachB 1/5] [TPS: 20.00] [Ping: 123ms]
(2023-11-10 12:10:55) NoT_SH7VanG was flagged for [ReachB 1/5] [TPS: 20.00] [Ping: 160ms]
(2023-11-10 12:10:57) NoT_SH7VanG was flagged for [ReachB 2/5] [TPS: 20.00] [Ping: 160ms]
(2023-11-10 12:10:58) NoT_SH7VanG was flagged for [ReachB 3/5] [TPS: 20.00] [Ping: 160ms]
(2023-11-10 12:10:59) NoT_SH7VanG was flagged for [ReachB 4/5] [TPS: 20.00] [Ping: 160ms]
(2023-11-10 19:32:03) KARTIK4541O was flagged for [VelocityA 1/12] [TPS: 20.00] [Ping: 411ms]
(2023-11-10 19:32:05) KARTIK4541O was flagged for [VelocityA 2/12] [TPS: 20.00] [Ping: 411ms]
(2023-11-10 19:47:08) its_Not_XD was flagged for [VelocityA 1/12] [TPS: 20.00] [Ping: 207ms]
(2023-11-10 19:48:14) KARTIK4541O was flagged for [VelocityA 1/12] [TPS: 20.00] [Ping: 217ms]
(2023-11-10 21:32:26) its_Not_XD was flagged for [FlightB 1/50] [TPS: 20.00] [Ping: 212ms]
